Starting project at /mnt/d/programing/react_native_4/react_work_4
Starting Metro Bundler
warning: Bundler cache is empty, rebuilding (this may take a minute)
The following packages should be updated for best compatibility with the installed expo version:
  @react-native-async-storage/async-storage@1.24.0 - expected version: 2.2.0
  expo@54.0.19 - expected version: ~54.0.29
  expo-constants@18.0.10 - expected version: ~18.0.12
  expo-font@14.0.9 - expected version: ~14.0.10
  expo-haptics@15.0.7 - expected version: ~15.0.8
  expo-image@3.0.10 - expected version: ~3.0.11
  expo-linking@8.0.8 - expected version: ~8.0.10
  expo-router@6.0.13 - expected version: ~6.0.19
  expo-splash-screen@31.0.10 - expected version: ~31.0.12
  expo-status-bar@3.0.8 - expected version: ~3.0.9
  expo-symbols@1.0.7 - expected version: ~1.0.8
  expo-system-ui@6.0.8 - expected version: ~6.0.9
  expo-web-browser@15.0.8 - expected version: ~15.0.10
Your project may not work correctly until you install the expected versions of the packages.
Waiting on http://localhost:8081
Logs for your project will appear below.
› Detected a change in metro.config.js. Restart the server to see the new results.
› Detected a change in babel.config.js. Restart the server to see the new results. You may need to clear the bundler cache with the --clear flag for your changes to take effect.
